{
  "stats": {
    "suites": 1,
    "tests": 1,
    "passes": 1,
    "pending": 0,
    "failures": 0,
    "start": "2023-06-12T17:56:23.495Z",
    "end": "2023-06-12T17:56:37.445Z",
    "duration": 13950,
    "testsRegistered": 1,
    "passPercent": 100,
    "pendingPercent": 0,
    "other": 0,
    "hasOther": false,
    "skipped": 0,
    "hasSkipped": false
  },
  "results": [
    {
      "uuid": "0cfad9b0-954b-43a0-b5a4-8fe5c7c8ffd2",
      "title": "",
      "fullFile": "cypress/e2e/austinOffice.cy.js",
      "file": "cypress/e2e/austinOffice.cy.js",
      "beforeHooks": [],
      "afterHooks": [],
      "tests": [],
      "suites": [
        {
          "uuid": "85b9c0c7-2723-4abe-8efe-c6f3108350df",
          "title": "Navidate to Austin Office",
          "fullFile": "",
          "file": "",
          "beforeHooks": [],
          "afterHooks": [],
          "tests": [
            {
              "title": "Verify URL, Title in home page and bla bla",
              "fullTitle": "Navidate to Austin Office Verify URL, Title in home page and bla bla",
              "timedOut": null,
              "duration": 11770,
              "state": "passed",
              "speed": "slow",
              "pass": true,
              "fail": false,
              "pending": false,
              "context": null,
              "code": "//Go to Austin Office page\n_homePage.homePage.goToAustinOffice();\n//Verify title and URL\ncy.url().should('eq', 'https://inhouse.decemberlabs.com/locations/austin/');\ncy.title().should('eq', 'Austin Web & App Developers | December Labs');\n//Open Schedule free consultation\n_austinPage.austinPage.openSchedulePopUp();\n//Verify calendar in popup\ncy.get('.start-project-form > div > iframe').eq(0).should(\"be.visible\");\n//Close popup\ncy.get(\".dl-modal-content\").eq(0).within(el => {\n  cy.get(el).find(\".btn-close-modal\").click();\n}).then(() => {\n  cy.get(\".dl-modal-content\").should(\"not.be.visible\");\n});",
              "err": {},
              "uuid": "e73039d7-b4d9-4098-9043-0e5ad5c5cca1",
              "parentUUID": "85b9c0c7-2723-4abe-8efe-c6f3108350df",
              "isHook": false,
              "skipped": false
            }
          ],
          "suites": [],
          "passes": [
            "e73039d7-b4d9-4098-9043-0e5ad5c5cca1"
          ],
          "failures": [],
          "pending": [],
          "skipped": [],
          "duration": 11770,
          "root": false,
          "rootEmpty": false,
          "_timeout": 2000
        }
      ],
      "passes": [],
      "failures": [],
      "pending": [],
      "skipped": [],
      "duration": 0,
      "root": true,
      "rootEmpty": true,
      "_timeout": 2000
    }
  ],
  "meta": {
    "mocha": {
      "version": "7.0.1"
    },
    "mochawesome": {
      "options": {
        "quiet": false,
        "reportFilename": "mochawesome",
        "saveHtml": true,
        "saveJson": true,
        "consoleReporter": "spec",
        "useInlineDiffs": false,
        "code": true
      },
      "version": "7.1.3"
    },
    "marge": {
      "options": {
        "overwrite": false
      },
      "version": "6.2.0"
    }
  }
}